============================= test session starts =============================
platform win32 -- Python 3.11.9, pytest-8.3.3, pluggy-1.5.0 -- C:\Users\ebube.oguchi\hpub-webapp\hpub-backend\venv\Scripts\python.exe
cachedir: .pytest_cache
django: version: 5.1.2, settings: backend_alpha.settings (from ini)
rootdir: C:\Users\ebube.oguchi\hpub-webapp\hpub-backend\backend_alpha
configfile: pytest.ini
plugins: anyio-4.6.2.post1, cov-6.0.0, django-4.9.0, mock-3.14.0, xdist-3.6.1
created: 8/8 workers
8 workers [155 items]

scheduling tests via LoadScheduling

test/test_audiences.py::test_bulk_upload_audience_positive
test/test_languages.py::TestLanguagePageViewSet::test_create_language_missing_both_fields
test/test_customer_support.py::test_list_customer_support
test/test_languages.py::TestLanguagePageViewSet::test_create_language_duplicate
test/test_feedbacks.py::TestFeedbackViewSet::test_create_feedback_without_user
test/test_diseases.py::TestDiseaseViewSet::test_delete_all_diseases_with_program
test/test_establishments.py::test_get_establishment_by_organization
test/test_diseases.py::TestDiseaseViewSet::test_create_disease_with_program
[gw1] [  0%] PASSED test/test_customer_support.py::test_list_customer_support
[gw5] [  1%] FAILED test/test_feedbacks.py::TestFeedbackViewSet::test_create_feedback_without_user
test/test_feedbacks.py::TestFeedbackViewSet::test_create_feedback_with_invalid_user_ref
test/test_customer_support.py::test_retrieve_customer_support
[gw0] [  1%] PASSED test/test_audiences.py::test_bulk_upload_audience_positive
[gw1] [  2%] PASSED test/test_customer_support.py::test_retrieve_customer_support
[gw4] [  3%] PASSED test/test_diseases.py::TestDiseaseViewSet::test_delete_all_diseases_with_program
test/test_customer_support.py::test_update_customer_support
test/test_diseases.py::TestDiseaseViewSet::test_delete_all_diseases_empty
test/test_customer_support.py::test_create_customer_support_success_without_user
[gw4] [  3%] PASSED test/test_diseases.py::TestDiseaseViewSet::test_delete_all_diseases_empty
[gw1] [  4%] PASSED test/test_customer_support.py::test_update_customer_support
test/test_establishments.py::test_bulk_create_establishments
[gw0] [  5%] PASSED test/test_customer_support.py::test_create_customer_support_success_without_user
[gw7] [  5%] PASSED test/test_languages.py::TestLanguagePageViewSet::test_create_language_duplicate
test/test_customer_support.py::test_delete_customer_support
[gw6] [  6%] PASSED test/test_languages.py::TestLanguagePageViewSet::test_create_language_missing_both_fields
test/test_customer_support.py::test_create_customer_support_success_with_user
[gw3] [  7%] PASSED test/test_establishments.py::test_get_establishment_by_organization
[gw1] [  7%] PASSED test/test_customer_support.py::test_delete_customer_support
[gw5] [  8%] PASSED test/test_feedbacks.py::TestFeedbackViewSet::test_create_feedback_with_invalid_user_ref
test/test_languages.py::TestLanguagePageViewSet::test_get_languages_no_data
[gw1] [  9%] PASSED test/test_languages.py::TestLanguagePageViewSet::test_get_languages_no_data
[gw2] [  9%] PASSED test/test_diseases.py::TestDiseaseViewSet::test_create_disease_with_program
test/test_order_limits.py::TestOrderLimitPageViewSet::test_create_order_limit_success
test/test_languages.py::TestLanguagePageViewSet::test_create_language_missing_name
test/test_languages.py::TestLanguagePageViewSet::test_bulk_language_upload_success
test/test_establishments.py::test_delete_all_establishments
test/test_feedbacks.py::TestFeedbackViewSet::test_list_feedback
test/test_diseases.py::TestDiseaseViewSet::test_create_disease_with_invalid_program
[gw4] [ 10%] PASSED test/test_establishments.py::test_bulk_create_establishments
[gw6] [ 10%] PASSED test/test_languages.py::TestLanguagePageViewSet::test_bulk_language_upload_success
[gw7] [ 11%] PASSED test/test_languages.py::TestLanguagePageViewSet::test_create_language_missing_name
test/test_languages.py::TestLanguagePageViewSet::test_delete_all_languages
[gw0] [ 12%] PASSED test/test_customer_support.py::test_create_customer_support_success_with_user
test/test_languages.py::TestLanguagePageViewSet::test_create_language_missing_iso_code_invalid_language
test/test_establishments.py::test_list_establishments
[gw5] [ 12%] PASSED test/test_feedbacks.py::TestFeedbackViewSet::test_list_feedback
[gw2] [ 13%] PASSED test/test_diseases.py::TestDiseaseViewSet::test_create_disease_with_invalid_program
[gw6] [ 14%] PASSED test/test_languages.py::TestLanguagePageViewSet::test_delete_all_languages
test/test_languages.py::TestLanguagePageViewSet::test_get_languages
test/test_customer_support.py::test_create_customer_support_missing_fields
test/test_diseases.py::TestDiseaseViewSet::test_list_diseases_with_program
[gw6] [ 14%] PASSED test/test_languages.py::TestLanguagePageViewSet::test_get_languages
test/test_languages.py::TestLanguagePageViewSet::test_create_language_success
[gw3] [ 15%] PASSED test/test_establishments.py::test_delete_all_establishments
[gw0] [ 16%] PASSED test/test_customer_support.py::test_create_customer_support_missing_fields
[gw4] [ 16%] PASSED test/test_establishments.py::test_list_establishments
test/test_orders.py::TestOrderViewSet::test_list_orders_for_existing_user
test/test_orders.py::TestOrderViewSet::test_create_order_for_admin_missing_user
[gw7] [ 17%] PASSED test/test_languages.py::TestLanguagePageViewSet::test_create_language_missing_iso_code_invalid_language
[gw2] [ 18%] PASSED test/test_diseases.py::TestDiseaseViewSet::test_list_diseases_with_program
test/test_order_limits.py::TestOrderLimitPageViewSet::test_update_order_limit_invalid_organization
test/test_feedbacks.py::TestFeedbackViewSet::test_create_feedback_authenticated_user
test/test_diseases.py::TestDiseaseViewSet::test_list_diseases_empty_with_program
test/test_languages.py::TestLanguagePageViewSet::test_create_multiple_languages
[gw1] [ 18%] PASSED test/test_order_limits.py::TestOrderLimitPageViewSet::test_create_order_limit_success
[gw5] [ 19%] PASSED test/test_languages.py::TestLanguagePageViewSet::test_create_language_success
[gw2] [ 20%] FAILED test/test_diseases.py::TestDiseaseViewSet::test_list_diseases_empty_with_program
test/test_organizations.py::test_delete_organizations
[gw3] [ 20%] PASSED test/test_feedbacks.py::TestFeedbackViewSet::test_create_feedback_authenticated_user
test/test_orders.py::TestOrderViewSet::test_destroy_order_successfully
[gw0] [ 21%] PASSED test/test_orders.py::TestOrderViewSet::test_list_orders_for_existing_user
[gw2] [ 21%] PASSED test/test_organizations.py::test_delete_organizations
test/test_organizations.py::test_bulk_delete_organizations
test/test_feedbacks.py::TestFeedbackViewSet::test_create_feedback_with_user_ref
[gw7] [ 22%] PASSED test/test_languages.py::TestLanguagePageViewSet::test_create_multiple_languages
test/test_order_limits.py::TestOrderLimitPageViewSet::test_create_order_limit_invalid_product
[gw2] [ 23%] PASSED test/test_organizations.py::test_bulk_delete_organizations
test/test_orders.py::TestOrderViewSet::test_list_orders_for_non_existent_user
test/test_organizations.py::test_delete_non_existent_organization
[gw2] [ 23%] PASSED test/test_organizations.py::test_delete_non_existent_organization
test/test_organizations.py::test_bulk_delete_organizations_invalid_data
[gw2] [ 24%] PASSED test/test_organizations.py::test_bulk_delete_organizations_invalid_data
test/test_organizations.py::test_update_organization
test/test_organizations.py::test_create_organization_missing_name
[gw4] [ 25%] PASSED test/test_order_limits.py::TestOrderLimitPageViewSet::test_update_order_limit_invalid_organization
[gw3] [ 25%] PASSED test/test_feedbacks.py::TestFeedbackViewSet::test_create_feedback_with_user_ref
[gw7] [ 26%] PASSED test/test_organizations.py::test_create_organization_missing_name
[gw5] [ 27%] PASSED test/test_orders.py::TestOrderViewSet::test_destroy_order_successfully
test/test_products.py::TestProductAdminListView::test_product_list_admin_no_latest_products
[gw6] [ 27%] PASSED test/test_orders.py::TestOrderViewSet::test_create_order_for_admin_missing_user
[gw0] [ 28%] PASSED test/test_orders.py::TestOrderViewSet::test_list_orders_for_non_existent_user
test/test_organizations.py::test_get_single_organization
[gw2] [ 29%] PASSED test/test_organizations.py::test_update_organization
test/test_orders.py::TestOrderViewSet::test_destroy_non_existent_order
test/test_orders.py::TestOrderViewSet::test_get_all_orders_when_orders_exist
[gw7] [ 29%] PASSED test/test_organizations.py::test_get_single_organization
test/test_orders.py::TestMigrateOrdersAPIView::test_migrate_orders_success
test/test_products.py::TestProductUsersListView::test_product_list_users_successful
test/test_organizations.py::test_bulk_create_organizations_with_validation
[gw3] [ 30%] PASSED test/test_products.py::TestProductAdminListView::test_product_list_admin_no_latest_products
[gw1] [ 30%] PASSED test/test_order_limits.py::TestOrderLimitPageViewSet::test_create_order_limit_invalid_product
test/test_orders.py::TestOrderViewSet::test_create_order_for_admin_invalid_address
[gw7] [ 31%] PASSED test/test_organizations.py::test_bulk_create_organizations_with_validation
[gw5] [ 32%] PASSED test/test_orders.py::TestOrderViewSet::test_destroy_non_existent_order
test/test_products.py::TestProductAdminListView::test_product_list_admin_database_error
test/test_products.py::TestProductAdminListView::test_product_list_admin_successful
[gw0] [ 32%] PASSED test/test_orders.py::TestOrderViewSet::test_get_all_orders_when_orders_exist
test/test_organizations.py::test_bulk_create_organizations
test/test_order_limits.py::TestOrderLimitPageViewSet::test_create_order_limit_invalid_organization
test/test_orders.py::TestOrderViewSet::test_get_all_orders_when_no_orders_exist
[gw3] [ 33%] PASSED test/test_products.py::TestProductAdminListView::test_product_list_admin_database_error
[gw5] [ 34%] PASSED test/test_organizations.py::test_bulk_create_organizations
[gw2] [ 34%] PASSED test/test_products.py::TestProductUsersListView::test_product_list_users_successful
[gw4] [ 35%] FAILED test/test_orders.py::TestMigrateOrdersAPIView::test_migrate_orders_success
test/test_organizations.py::test_bulk_create_organizations_invalid_data
test/test_products.py::TestProductAdminListView::test_product_list_admin_timeout_error
[gw0] [ 36%] PASSED test/test_orders.py::TestOrderViewSet::test_get_all_orders_when_no_orders_exist
test/test_orders.py::TestMigrateOrdersAPIView::test_migrate_orders_missing_files
[gw5] [ 36%] PASSED test/test_organizations.py::test_bulk_create_organizations_invalid_data
test/test_products.py::TestProductUsersListView::test_product_list_users_no_live_products
test/test_orders.py::TestOrderViewSet::test_update_non_existent_order
[gw7] [ 37%] PASSED test/test_products.py::TestProductAdminListView::test_product_list_admin_successful
test/test_organizations.py::test_list_organizations
[gw6] [ 38%] PASSED test/test_orders.py::TestOrderViewSet::test_create_order_for_admin_invalid_address
[gw3] [ 38%] PASSED test/test_products.py::TestProductAdminListView::test_product_list_admin_timeout_error
[gw1] [ 39%] PASSED test/test_order_limits.py::TestOrderLimitPageViewSet::test_create_order_limit_invalid_organization
[gw5] [ 40%] PASSED test/test_organizations.py::test_list_organizations
test/test_products.py::TestProductCreateView::test_create_product_missing_fields
[gw4] [ 40%] PASSED test/test_orders.py::TestMigrateOrdersAPIView::test_migrate_orders_missing_files
test/test_products.py::TestProductAdminListView::test_product_list_admin_unexpected_error
[gw2] [ 41%] PASSED test/test_products.py::TestProductUsersListView::test_product_list_users_no_live_products
[gw0] [ 41%] PASSED test/test_orders.py::TestOrderViewSet::test_update_non_existent_order
test/test_orders.py::TestMigrateOrdersAPIView::test_migrate_orders_missing_required_fields
test/test_products.py::TestProductUsersListView::test_product_list_users_unexpected_error
test/test_orders.py::TestOrderViewSet::test_create_order_success
test/test_products.py::TestProductPatch::test_invalid_patch_data
test/test_order_limits.py::TestOrderLimitPageViewSet::test_update_order_limit_success
test/test_products.py::TestProductUsersListView::test_product_list_users_database_error
[gw5] [ 42%] PASSED test/test_products.py::TestProductCreateView::test_create_product_missing_fields
[gw3] [ 43%] PASSED test/test_products.py::TestProductAdminListView::test_product_list_admin_unexpected_error
[gw7] [ 43%] PASSED test/test_products.py::TestProductUsersListView::test_product_list_users_unexpected_error
test/test_products.py::TestProductCreateView::test_create_product_invalid_program
[gw4] [ 44%] PASSED test/test_orders.py::TestMigrateOrdersAPIView::test_migrate_orders_missing_required_fields
test/test_products.py::TestProductSearchAdminView::test_search_product_by_code
[gw2] [ 45%] PASSED test/test_products.py::TestProductUsersListView::test_product_list_users_database_error
test/test_orders.py::TestDeleteMigratedOrdersAPIView::test_delete_orders_success
test/test_products.py::TestProductPatch::test_product_patch_success
test/test_products.py::TestProductUsersListView::test_product_list_users_timeout_error
[gw0] [ 45%] PASSED test/test_products.py::TestProductPatch::test_invalid_patch_data
[gw1] [ 46%] PASSED test/test_order_limits.py::TestOrderLimitPageViewSet::test_update_order_limit_success
[gw6] [ 47%] FAILED test/test_orders.py::TestOrderViewSet::test_create_order_success
[gw5] [ 47%] FAILED test/test_products.py::TestProductCreateView::test_create_product_invalid_program
test/test_products.py::TestProductPatch::test_database_error
[gw4] [ 48%] PASSED test/test_orders.py::TestDeleteMigratedOrdersAPIView::test_delete_orders_success
[gw2] [ 49%] PASSED test/test_products.py::TestProductUsersListView::test_product_list_users_timeout_error
test/test_orders.py::TestOrderViewSet::test_create_order_for_admin_success
test/test_products.py::TestProductSearchAdminView::test_invalid_query_param
[gw3] [ 49%] PASSED test/test_products.py::TestProductSearchAdminView::test_search_product_by_code
test/test_order_limits.py::TestOrderLimitPageViewSet::test_update_order_limit_invalid_product
test/test_products.py::TestProductCreateView::test_create_product_language_not_found
test/test_orders.py::TestOrderViewSet::test_create_order_exceeds_limit
[gw7] [ 50%] PASSED test/test_products.py::TestProductPatch::test_product_patch_success
test/test_products.py::TestProductSearchAdminView::test_search_product_by_title
[gw0] [ 50%] PASSED test/test_products.py::TestProductPatch::test_database_error
[gw5] [ 51%] FAILED test/test_products.py::TestProductCreateView::test_create_product_language_not_found
test/test_products.py::TestProductPatch::test_product_not_found
test/test_products.py::TestProductCreateView::test_create_product_success
test/test_products.py::TestProductSearchViewForUsers::test_search_edge_cases[query_param1-400-expected_response1]
[gw2] [ 52%] PASSED test/test_products.py::TestProductSearchAdminView::test_invalid_query_param
[gw1] [ 52%] PASSED test/test_order_limits.py::TestOrderLimitPageViewSet::test_update_order_limit_invalid_product
[gw7] [ 53%] PASSED test/test_products.py::TestProductPatch::test_product_not_found
[gw6] [ 54%] PASSED test/test_orders.py::TestOrderViewSet::test_create_order_exceeds_limit
[gw4] [ 54%] FAILED test/test_orders.py::TestOrderViewSet::test_create_order_for_admin_success
test/test_products.py::TestProductSearchAdminView::test_program_name_exists
test/test_products.py::TestProductDetailView::test_product_detail_view_product_not_found
[gw3] [ 55%] PASSED test/test_products.py::TestProductSearchAdminView::test_search_product_by_title
test/test_products.py::TestProductSearchViewForUsers::test_program_name_exists
[gw0] [ 56%] FAILED test/test_products.py::TestProductCreateView::test_create_product_success
test/test_orders.py::TestOrderViewSet::test_create_order_invalid_product
test/test_products.py::TestProductSearchViewForUsers::test_search_product_by_title
[gw5] [ 56%] PASSED test/test_products.py::TestProductSearchViewForUsers::test_search_edge_cases[query_param1-400-expected_response1]
test/test_products.py::TestProductSearchAdminView::test_search_nonexistent_product
[gw2] [ 57%] PASSED test/test_products.py::TestProductSearchAdminView::test_program_name_exists
[gw1] [ 58%] PASSED test/test_products.py::TestProductSearchViewForUsers::test_program_name_exists
test/test_products.py::TestProductDetailView::test_product_detail_view_timeout_error
test/test_products.py::TestProductSearchViewForUsers::test_search_product_by_code
test/test_products.py::TestProductSearchViewForUsers::test_search_edge_cases[query_param0-404-expected_response0]
test/test_products.py::TestProductDetailView::test_product_detail_view_success
[gw7] [ 58%] PASSED test/test_products.py::TestProductDetailView::test_product_detail_view_product_not_found
[gw6] [ 59%] PASSED test/test_orders.py::TestOrderViewSet::test_create_order_invalid_product
test/test_products.py::TestProductDetailView::test_product_detail_view_database_error
[gw3] [ 60%] PASSED test/test_products.py::TestProductSearchAdminView::test_search_nonexistent_product
[gw4] [ 60%] PASSED test/test_products.py::TestProductSearchViewForUsers::test_search_product_by_title
[gw0] [ 61%] PASSED test/test_products.py::TestProductDetailView::test_product_detail_view_timeout_error
[gw2] [ 61%] PASSED test/test_products.py::TestProductSearchViewForUsers::test_search_product_by_code
test/test_products.py::TestProductStatusUpdateView::test_product_status_update_success
[gw1] [ 62%] PASSED test/test_products.py::TestProductSearchViewForUsers::test_search_edge_cases[query_param0-404-expected_response0]
test/test_products.py::TestProductStatusUpdateView::test_product_status_update_invalid_status
[gw5] [ 63%] PASSED test/test_products.py::TestProductDetailView::test_product_detail_view_success
test/test_products.py::TestProductSearchViewForUsers::test_search_nonexistent_product
test/test_products.py::TestProductDetailView::test_product_detail_view_unexpected_error
test/test_products.py::TestProductStatusUpdateView::test_product_status_update_live_missing_required_field[None-Product status updated successfully.]
[gw7] [ 63%] PASSED test/test_products.py::TestProductDetailView::test_product_detail_view_database_error
test/test_products.py::TestProductStatusUpdateView::test_product_status_update_database_error[DatabaseError-500-A database error occurred.]
test/test_products.py::TestProductStatusUpdateView::test_product_status_update_database_error[OperationalError-500-A database error occurred.]
[gw6] [ 64%] PASSED test/test_products.py::TestProductStatusUpdateView::test_product_status_update_success
test/test_products.py::TestProductStatusUpdateView::test_product_status_update_database_error[IntegrityError-500-A database error occurred.]
[gw3] [ 65%] PASSED test/test_products.py::TestProductStatusUpdateView::test_product_status_update_invalid_status
[gw4] [ 65%] PASSED test/test_products.py::TestProductSearchViewForUsers::test_search_nonexistent_product
[gw0] [ 66%] PASSED test/test_products.py::TestProductDetailView::test_product_detail_view_unexpected_error
test/test_products.py::TestProductStatusUpdateView::test_product_status_update_product_not_found
[gw2] [ 67%] PASSED test/test_products.py::TestProductStatusUpdateView::test_product_status_update_live_missing_required_field[None-Product status updated successfully.]
[gw1] [ 67%] PASSED test/test_products.py::TestProductStatusUpdateView::test_product_status_update_database_error[DatabaseError-500-A database error occurred.]
test/test_products.py::TestProductStatusUpdateView::test_product_status_update_invalid_transition
[gw5] [ 68%] PASSED test/test_products.py::TestProductStatusUpdateView::test_product_status_update_database_error[OperationalError-500-A database error occurred.]
test/test_products.py::TestProductSearchViewForUsers::test_invalid_query_param
test/test_products.py::TestProductStatusUpdateView::test_product_status_update_database_error[ProgrammingError-500-A database error occurred.]
test/test_products.py::TestProductStatusUpdateView::test_product_status_update_live_missing_required_field[language_id-Cannot change status to 'live' due to missing fields.]
[gw7] [ 69%] PASSED test/test_products.py::TestProductStatusUpdateView::test_product_status_update_database_error[IntegrityError-500-A database error occurred.]
test/test_products.py::TestProductStatusUpdateView::test_product_status_update_timeout_error
test/test_products.py::TestProductStatusUpdateView::test_product_status_update_unexpected_error
[gw6] [ 69%] PASSED test/test_products.py::TestProductStatusUpdateView::test_product_status_update_product_not_found
test/test_programs.py::test_create_program
[gw4] [ 70%] PASSED test/test_products.py::TestProductSearchViewForUsers::test_invalid_query_param
[gw0] [ 70%] PASSED test/test_products.py::TestProductStatusUpdateView::test_product_status_update_database_error[ProgrammingError-500-A database error occurred.]
[gw3] [ 71%] PASSED test/test_products.py::TestProductStatusUpdateView::test_product_status_update_invalid_transition
test/test_programs.py::test_create_program_without_name
[gw2] [ 72%] PASSED test/test_products.py::TestProductStatusUpdateView::test_product_status_update_live_missing_required_field[language_id-Cannot change status to 'live' due to missing fields.]
[gw1] [ 72%] PASSED test/test_products.py::TestProductStatusUpdateView::test_product_status_update_timeout_error
[gw5] [ 73%] PASSED test/test_products.py::TestProductStatusUpdateView::test_product_status_update_unexpected_error
[gw7] [ 74%] PASSED test/test_programs.py::test_create_program
test/test_programs.py::test_update_program
test/test_programs.py::test_destroy_program
test/test_programs.py::test_list_programs
[gw3] [ 74%] PASSED test/test_programs.py::test_list_programs
test/test_users.py::TestAPIs::test_user_login_positive
test/test_users.py::test_token_refresh_invalid_token
test/test_programs.py::test_get_featured_programs
[gw6] [ 75%] PASSED test/test_programs.py::test_create_program_without_name
[gw2] [ 76%] PASSED test/test_programs.py::test_get_featured_programs
test/test_users.py::test_token_refresh_success
test/test_users.py::test_token_refresh_expired_token
test/test_users.py::TestAPIs::test_user_update_missing_user_id
[gw4] [ 76%] PASSED test/test_programs.py::test_update_program
test/test_users.py::test_token_refresh_missing_authorization
[gw6] [ 77%] PASSED test/test_users.py::test_token_refresh_missing_authorization
[gw0] [ 78%] PASSED test/test_programs.py::test_destroy_program
test/test_users.py::TestAPIs::test_user_detail_user_not_found
[gw3] [ 78%] PASSED test/test_users.py::TestAPIs::test_user_login_positive
[gw7] [ 79%] PASSED test/test_users.py::test_token_refresh_invalid_token
test/test_users.py::TestAPIs::test_user_signup_positive
[gw1] [ 80%] PASSED test/test_users.py::test_token_refresh_success
[gw5] [ 80%] PASSED test/test_users.py::test_token_refresh_expired_token
test/test_users.py::TestAPIs::test_user_signup_missing_auth
[gw0] [ 81%] PASSED test/test_users.py::TestAPIs::test_user_signup_missing_auth
[gw2] [ 81%] PASSED test/test_users.py::TestAPIs::test_user_update_missing_user_id
test/test_users.py::TestAPIs::test_user_login_user_not_found
test/test_vaccinations.py::TestVaccinationViewSet::test_list_vaccinations_with_program
test/test_users.py::TestAPIs::test_user_update_positive
[gw0] [ 82%] PASSED test/test_vaccinations.py::TestVaccinationViewSet::test_list_vaccinations_with_program
test/test_vaccinations.py::TestVaccinationViewSet::test_delete_all_vaccinations_with_program
test/test_users.py::TestAPIs::test_logout_missing_token
[gw5] [ 83%] PASSED test/test_users.py::TestAPIs::test_logout_missing_token
test/test_users.py::TestAPIs::test_logout_positive
[gw6] [ 83%] PASSED test/test_users.py::TestAPIs::test_user_detail_user_not_found
test/test_where_to_use.py::test_create_where_to_use_duplicate_key
test/test_users.py::TestAPIs::test_user_detail_positive
[gw0] [ 84%] PASSED test/test_vaccinations.py::TestVaccinationViewSet::test_delete_all_vaccinations_with_program
test/test_where_to_use.py::test_create_where_to_use_success
test/test_vaccinations.py::TestVaccinationViewSet::test_create_vaccination_with_program
[gw5] [ 85%] PASSED test/test_where_to_use.py::test_create_where_to_use_duplicate_key
[gw7] [ 85%] PASSED test/test_users.py::TestAPIs::test_user_update_positive
[gw3] [ 86%] PASSED test/test_users.py::TestAPIs::test_user_login_user_not_found
[gw4] [ 87%] PASSED test/test_users.py::TestAPIs::test_user_signup_positive
[gw0] [ 87%] PASSED test/test_where_to_use.py::test_create_where_to_use_success
[gw2] [ 88%] PASSED test/test_users.py::TestAPIs::test_user_detail_positive
test/test_where_to_use.py::test_bulk_upload_success
[gw1] [ 89%] PASSED test/test_users.py::TestAPIs::test_logout_positive
test/test_vaccinations.py::TestVaccinationViewSet::test_delete_all_vaccinations_empty
[gw7] [ 89%] PASSED test/test_vaccinations.py::TestVaccinationViewSet::test_delete_all_vaccinations_empty
test/test_get_secrets.py::test_get_value_from_secrets
test/test_vaccinations.py::TestVaccinationViewSet::test_list_vaccinations_empty_with_program
[gw7] [ 90%] PASSED test/test_get_secrets.py::test_get_value_from_secrets
test/test_get_secrets.py::test_get_non_secret_value
[gw3] [ 90%] PASSED test/test_vaccinations.py::TestVaccinationViewSet::test_list_vaccinations_empty_with_program
[gw7] [ 91%] PASSED test/test_get_secrets.py::test_get_non_secret_value
test/test_get_secrets.py::test_db_connection_details
test/test_get_secrets.py::test_get_value_raises_error_if_not_found
[gw7] [ 92%] PASSED test/test_get_secrets.py::test_get_value_raises_error_if_not_found
test/test_get_secrets.py::test_parse_invalid_connection_string
[gw3] [ 92%] PASSED test/test_get_secrets.py::test_db_connection_details
test/test_get_secrets.py::test_get_value_raises_error_for_empty_secret
[gw7] [ 93%] PASSED test/test_get_secrets.py::test_parse_invalid_connection_string
test/test_get_secrets.py::test_get_aws_secret_key
test/test_vaccinations.py::TestVaccinationViewSet::test_create_vaccination_with_invalid_program
[gw5] [ 94%] PASSED test/test_where_to_use.py::test_bulk_upload_success
test/test_where_to_use.py::test_bulk_upload_invalid_data
[gw7] [ 94%] FAILED test/test_get_secrets.py::test_get_aws_secret_key
[gw3] [ 95%] FAILED test/test_get_secrets.py::test_get_value_raises_error_for_empty_secret
test/test_where_to_use.py::test_bulk_delete_no_entries
[gw5] [ 96%] PASSED test/test_where_to_use.py::test_bulk_delete_no_entries
test/test_where_to_use.py::test_bulk_upload_missing_file
[gw0] [ 96%] PASSED test/test_where_to_use.py::test_bulk_upload_invalid_data
test/test_where_to_use.py::test_create_where_to_use_missing_fields
[gw2] [ 97%] PASSED test/test_where_to_use.py::test_bulk_upload_missing_file
[gw6] [ 98%] PASSED test/test_vaccinations.py::TestVaccinationViewSet::test_create_vaccination_with_program
test/test_where_to_use.py::test_bulk_delete_success
[gw1] [ 98%] PASSED test/test_where_to_use.py::test_create_where_to_use_missing_fields
[gw6] [ 99%] PASSED test/test_where_to_use.py::test_bulk_delete_success
[gw4] [100%] PASSED test/test_vaccinations.py::TestVaccinationViewSet::test_create_vaccination_with_invalid_program

================================== FAILURES ===================================
____________ TestFeedbackViewSet.test_create_feedback_without_user ____________
[gw5] win32 -- Python 3.11.9 C:\Users\ebube.oguchi\hpub-webapp\hpub-backend\venv\Scripts\python.exe

self = <test_feedbacks.TestFeedbackViewSet object at 0x0000016530DC8ED0>
api_client = <rest_framework.test.APIClient object at 0x0000016548A8E5D0>

    def test_create_feedback_without_user(self, api_client):
        url = reverse("feedback-list")
        data = {
            "feedback_id": str(uuid.uuid4()),
            "message": "This feedback should fail.",
        }
        response = api_client.post(url, data, format="json")
        logging.info("response", response.json())

        assert response.status_code == 403
>       assert (
            response.data["detail"]
            == "Authorization header missing, unable to authenticate user"
        )
E       AssertionError: assert ErrorDetail(s...uthenticated') == 'Authorizatio...enticate user'
E
E         - Authorization header missing, unable to authenticate user
E         + Authentication credentials were not provided.

test\test_feedbacks.py:316: AssertionError
---------------------------- Captured stderr setup ----------------------------
Creating test database for alias 'default'...
---------------------------- Captured stdout call -----------------------------
Forbidden: /api/v1/feedback/
------------------------------ Captured log call ------------------------------
[31m[1mERROR   [0m core.utils.custom_token_authentication:custom_token_authentication.py:24 Authorization header missing
[33mWARNING [0m django.request:log.py:248 Forbidden: /api/v1/feedback/
__________ TestDiseaseViewSet.test_list_diseases_empty_with_program ___________
[gw2] win32 -- Python 3.11.9 C:\Users\ebube.oguchi\hpub-webapp\hpub-backend\venv\Scripts\python.exe

self = <test_diseases.TestDiseaseViewSet object at 0x000001445732A590>
api_client = <rest_framework.test.APIClient object at 0x00000144701E3710>

    def test_list_diseases_empty_with_program(self, api_client):
        url = reverse("disease-list-list")

        # Log disease count before deletion
        logger.info(f"Disease count before deletion: {Disease.objects.count()}")
        Disease.objects.all().delete()  # Ensure no diseases are present
        # Log disease count after deletion
        logger.info(f"Disease count after deletion: {Disease.objects.count()}")

        response = api_client.get(url)
        logger.info(f"API Response: {response.data}")  # Log API response for debugging

        assert response.status_code == status.HTTP_200_OK
        assert len(Disease.objects.all()) == 0  # Verify the database is empty
>       assert len(response.data) == 0  # Verify the API response matches
E       assert 1 == 0
E        +  where 1 = len([{'disease_id': '1', 'name': 'Test Disease', 'key': 'disease-key', 'description': 'A test disease for unit testing.', 'programs': []}])
E        +    where [{'disease_id': '1', 'name': 'Test Disease', 'key': 'disease-key', 'description': 'A test disease for unit testing.', 'programs': []}] = <Response status_code=200, "application/json">.data

test\test_diseases.py:269: AssertionError
____________ TestMigrateOrdersAPIView.test_migrate_orders_success _____________
[gw4] win32 -- Python 3.11.9 C:\Users\ebube.oguchi\hpub-webapp\hpub-backend\venv\Scripts\python.exe

self = <core.orders.views.MigrateOrdersAPIView object at 0x000001C6DC91A510>
data = {'order_item_id': '9ed96a1b-cd13-46a1-ba3e-547c7e42b77c', 'order_ref': <Order: Order 2ff49907-75e5-4e9c-8eba-5047c6cc5dad>, 'product_ref': None, 'quantity': 25, ...}

    def _create_order_item_instance(self, data):
        try:
>           order_item_instance = OrderItem.objects.get(
                order_item_id=data.get("order_item_id")
            )

core\orders\views.py:1451:
_ _ _ _ _ _ _ _ _ _ _ _ _ _ _ _ _ _ _ _ _ _ _ _ _ _ _ _ _ _ _ _ _ _ _ _ _ _ _ _
..\venv\Lib\site-packages\django\db\models\manager.py:87: in manager_method
    return getattr(self.get_queryset(), name)(*args, **kwargs)
_ _ _ _ _ _ _ _ _ _ _ _ _ _ _ _ _ _ _ _ _ _ _ _ _ _ _ _ _ _ _ _ _ _ _ _ _ _ _ _

self = <PageQuerySet []>, args = ()
kwargs = {'order_item_id': '9ed96a1b-cd13-46a1-ba3e-547c7e42b77c'}
clone = <PageQuerySet []>, limit = 21, num = 0

    def get(self, *args, **kwargs):
        """
        Perform the query and return a single object matching the given
        keyword arguments.
        """
        if self.query.combinator and (args or kwargs):
            raise NotSupportedError(
                "Calling QuerySet.get(...) with filters after %s() is not "
                "supported." % self.query.combinator
            )
        clone = self._chain() if self.query.combinator else self.filter(*args, **kwargs)
        if self.query.can_filter() and not self.query.distinct_fields:
            clone = clone.order_by()
        limit = None
        if (
            not clone.query.select_for_update
            or connections[clone.db].features.supports_select_for_update_with_limit
        ):
            limit = MAX_GET_RESULTS
            clone.query.set_limits(high=limit)
        num = len(clone)
        if num == 1:
            return clone._result_cache[0]
        if not num:
>           raise self.model.DoesNotExist(
                "%s matching query does not exist." % self.model._meta.object_name
            )
E           core.orders.models.OrderItem.DoesNotExist: OrderItem matching query does not exist.

..\venv\Lib\site-packages\django\db\models\query.py:649: DoesNotExist

During handling of the above exception, another exception occurred:

self = <django.db.backends.utils.CursorWrapper object at 0x000001C6DB109150>
sql = 'INSERT INTO "orders_orderitem" ("page_ptr_id", "order_item_id", "order_ref_id", "product_ref_id", "quantity", "quantity_inprogress", "quantity_shipped", "quantity_cancelled") VALUES (%s, %s, %s, %s, %s, %s, %s, %s)'
params = (60, '9ed96a1b-cd13-46a1-ba3e-547c7e42b77c', '2ff49907-75e5-4e9c-8eba-5047c6cc5dad', None, 25, 10, ...)
ignored_wrapper_args = (False, {'connection': <DatabaseWrapper vendor='postgresql' alias='default'>, 'cursor': <django.db.backends.utils.CursorWrapper object at 0x000001C6DB109150>})

    def _execute(self, sql, params, *ignored_wrapper_args):
        # Raise a warning during app initialization (stored_app_configs is only
        # ever set during testing).
        if not apps.ready and not apps.stored_app_configs:
            warnings.warn(self.APPS_NOT_READY_WARNING_MSG, category=RuntimeWarning)
        self.db.validate_no_broken_transaction()
        with self.db.wrap_database_errors:
            if params is None:
                # params default might be backend specific.
                return self.cursor.execute(sql)
            else:
>               return self.cursor.execute(sql, params)
E               psycopg2.errors.NotNullViolation: null value in column "product_code" of relation "orders_orderitem" violates not-null constraint
E               DETAIL:  Failing row contains (60, 9ed96a1b-cd13-46a1-ba3e-547c7e42b77c, 25, 10, 10, 5, 2ff49907-75e5-4e9c-8eba-5047c6cc5dad, null, null).

..\venv\Lib\site-packages\django\db\backends\utils.py:105: NotNullViolation

The above exception was the direct cause of the following exception:

self = <test_orders.TestMigrateOrdersAPIView object at 0x000001C6C36B5E10>
auth_api_client_user = <rest_framework.test.APIClient object at 0x000001C6DB109A10>
orders_excel_file = <_io.BytesIO object at 0x000001C6DCD4E250>
order_items_excel_file = <_io.BytesIO object at 0x000001C6DCD4C540>

    def test_migrate_orders_success(
        self, auth_api_client_user, orders_excel_file, order_items_excel_file
    ):
        """Positive test for migrating orders and order items."""
        url = reverse("migrate_orders")
>       response = auth_api_client_user.post(
            url,
            data={
                "orders_excel": orders_excel_file,
                "order_items_excel": order_items_excel_file,
            },
        )

test\test_orders.py:826:
_ _ _ _ _ _ _ _ _ _ _ _ _ _ _ _ _ _ _ _ _ _ _ _ _ _ _ _ _ _ _ _ _ _ _ _ _ _ _ _
..\venv\Lib\site-packages\rest_framework\test.py:295: in post
    response = super().post(
..\venv\Lib\site-packages\rest_framework\test.py:209: in post
    return self.generic('POST', path, data, content_type, **extra)
..\venv\Lib\site-packages\rest_framework\test.py:233: in generic
    return super().generic(
..\venv\Lib\site-packages\django\test\client.py:676: in generic
    return self.request(**r)
..\venv\Lib\site-packages\rest_framework\test.py:285: in request
    return super().request(**kwargs)
..\venv\Lib\site-packages\rest_framework\test.py:237: in request
    request = super().request(**kwargs)
..\venv\Lib\site-packages\django\test\client.py:1092: in request
    self.check_exception(response)
..\venv\Lib\site-packages\django\test\client.py:805: in check_exception
    raise exc_value
..\venv\Lib\site-packages\django\core\handlers\exception.py:55: in inner
    response = get_response(request)
..\venv\Lib\site-packages\django\core\handlers\base.py:197: in _get_response
    response = wrapped_callback(request, *callback_args, **callback_kwargs)
..\venv\Lib\site-packages\django\views\decorators\csrf.py:65: in _view_wrapper
    return view_func(request, *args, **kwargs)
..\venv\Lib\site-packages\django\views\generic\base.py:104: in view
    return self.dispatch(request, *args, **kwargs)
..\venv\Lib\site-packages\rest_framework\views.py:509: in dispatch
    response = self.handle_exception(exc)
..\venv\Lib\site-packages\rest_framework\views.py:469: in handle_exception
    self.raise_uncaught_exception(exc)
..\venv\Lib\site-packages\rest_framework\views.py:480: in raise_uncaught_exception
    raise exc
..\venv\Lib\site-packages\rest_framework\views.py:506: in dispatch
    response = handler(request, *args, **kwargs)
core\orders\views.py:1301: in post
    self._create_order_item_instance(order_item_data)
core\orders\views.py:1472: in _create_order_item_instance
    data.get("order_ref").add_child(instance=order_item_instance)
..\venv\Lib\site-packages\treebeard\mp_tree.py:1091: in add_child
    return MP_AddChildHandler(self, **kwargs).process()
..\venv\Lib\site-packages\treebeard\mp_tree.py:393: in process
    newobj.save()
C:\Program Files\Python311\Lib\contextlib.py:81: in inner
    return func(*args, **kwds)
..\venv\Lib\site-packages\wagtail\models\__init__.py:1618: in save
    result = super().save(**kwargs)
..\venv\Lib\site-packages\modelcluster\models.py:202: in save
    super().save(update_fields=real_update_fields, **kwargs)
..\venv\Lib\site-packages\django\db\models\base.py:891: in save
    self.save_base(
..\venv\Lib\site-packages\django\db\models\base.py:997: in save_base
    updated = self._save_table(
..\venv\Lib\site-packages\django\db\models\base.py:1160: in _save_table
    results = self._do_insert(
..\venv\Lib\site-packages\django\db\models\base.py:1201: in _do_insert
    return manager._insert(
..\venv\Lib\site-packages\django\db\models\manager.py:87: in manager_method
    return getattr(self.get_queryset(), name)(*args, **kwargs)
..\venv\Lib\site-packages\django\db\models\query.py:1847: in _insert
    return query.get_compiler(using=using).execute_sql(returning_fields)
..\venv\Lib\site-packages\django\db\models\sql\compiler.py:1836: in execute_sql
    cursor.execute(sql, params)
..\venv\Lib\site-packages\django\db\backends\utils.py:79: in execute
    return self._execute_with_wrappers(
..\venv\Lib\site-packages\django\db\backends\utils.py:92: in _execute_with_wrappers
    return executor(sql, params, many, context)
..\venv\Lib\site-packages\django\db\backends\utils.py:100: in _execute
    with self.db.wrap_database_errors:
..\venv\Lib\site-packages\django\db\utils.py:91: in __exit__
    raise dj_exc_value.with_traceback(traceback) from exc_value
_ _ _ _ _ _ _ _ _ _ _ _ _ _ _ _ _ _ _ _ _ _ _ _ _ _ _ _ _ _ _ _ _ _ _ _ _ _ _ _

self = <django.db.backends.utils.CursorWrapper object at 0x000001C6DB109150>
sql = 'INSERT INTO "orders_orderitem" ("page_ptr_id", "order_item_id", "order_ref_id", "product_ref_id", "quantity", "quantity_inprogress", "quantity_shipped", "quantity_cancelled") VALUES (%s, %s, %s, %s, %s, %s, %s, %s)'
params = (60, '9ed96a1b-cd13-46a1-ba3e-547c7e42b77c', '2ff49907-75e5-4e9c-8eba-5047c6cc5dad', None, 25, 10, ...)
ignored_wrapper_args = (False, {'connection': <DatabaseWrapper vendor='postgresql' alias='default'>, 'cursor': <django.db.backends.utils.CursorWrapper object at 0x000001C6DB109150>})

    def _execute(self, sql, params, *ignored_wrapper_args):
        # Raise a warning during app initialization (stored_app_configs is only
        # ever set during testing).
        if not apps.ready and not apps.stored_app_configs:
            warnings.warn(self.APPS_NOT_READY_WARNING_MSG, category=RuntimeWarning)
        self.db.validate_no_broken_transaction()
        with self.db.wrap_database_errors:
            if params is None:
                # params default might be backend specific.
                return self.cursor.execute(sql)
            else:
>               return self.cursor.execute(sql, params)
E               django.db.utils.IntegrityError: null value in column "product_code" of relation "orders_orderitem" violates not-null constraint
E               DETAIL:  Failing row contains (60, 9ed96a1b-cd13-46a1-ba3e-547c7e42b77c, 25, 10, 10, 5, 2ff49907-75e5-4e9c-8eba-5047c6cc5dad, null, null).

..\venv\Lib\site-packages\django\db\backends\utils.py:105: IntegrityError
----------------------------- Captured log setup ------------------------------
[33mWARNING [0m test_orders:test_orders.py:44 Parent page 'Organizations' not found, creating new one.
[33mWARNING [0m test_orders:test_orders.py:44 Parent page 'Establishments' not found, creating new one.
[33mWARNING [0m test_orders:test_orders.py:44 Parent page 'Roles' not found, creating new one.
[33mWARNING [0m test_orders:test_orders.py:44 Parent page 'Users' not found, creating new one.
---------------------------- Captured stdout call -----------------------------
Internal Server Error: /api/v1/migrate-orders/
Traceback (most recent call last):
  File "C:\Users\ebube.oguchi\hpub-webapp\hpub-backend\backend_alpha\core\orders\views.py", line 1451, in _create_order_item_instance
    order_item_instance = OrderItem.objects.get(
                          ^^^^^^^^^^^^^^^^^^^^^^
  File "C:\Users\ebube.oguchi\hpub-webapp\hpub-backend\venv\Lib\site-packages\django\db\models\manager.py", line 87, in manager_method
    return getattr(self.get_queryset(), name)(*args, **kwargs)
           ^^^^^^^^^^^^^^^^^^^^^^^^^^^^^^^^^^^^^^^^^^^^^^^^^^^
  File "C:\Users\ebube.oguchi\hpub-webapp\hpub-backend\venv\Lib\site-packages\django\db\models\query.py", line 649, in get
    raise self.model.DoesNotExist(
core.orders.models.OrderItem.DoesNotExist: OrderItem matching query does not exist.

During handling of the above exception, another exception occurred:

Traceback (most recent call last):
  File "C:\Users\ebube.oguchi\hpub-webapp\hpub-backend\venv\Lib\site-packages\django\db\backends\utils.py", line 105, in _execute
    return self.cursor.execute(sql, params)
           ^^^^^^^^^^^^^^^^^^^^^^^^^^^^^^^^
psycopg2.errors.NotNullViolation: null value in column "product_code" of relation "orders_orderitem" violates not-null constraint
DETAIL:  Failing row contains (60, 9ed96a1b-cd13-46a1-ba3e-547c7e42b77c, 25, 10, 10, 5, 2ff49907-75e5-4e9c-8eba-5047c6cc5dad, null, null).


The above exception was the direct cause of the following exception:

Traceback (most recent call last):
  File "C:\Users\ebube.oguchi\hpub-webapp\hpub-backend\venv\Lib\site-packages\django\core\handlers\exception.py", line 55, in inner
    response = get_response(request)
               ^^^^^^^^^^^^^^^^^^^^^
  File "C:\Users\ebube.oguchi\hpub-webapp\hpub-backend\venv\Lib\site-packages\django\core\handlers\base.py", line 197, in _get_response
    response = wrapped_callback(request, *callback_args, **callback_kwargs)
               ^^^^^^^^^^^^^^^^^^^^^^^^^^^^^^^^^^^^^^^^^^^^^^^^^^^^^^^^^^^^
  File "C:\Users\ebube.oguchi\hpub-webapp\hpub-backend\venv\Lib\site-packages\django\views\decorators\csrf.py", line 65, in _view_wrapper
    return view_func(request, *args, **kwargs)
           ^^^^^^^^^^^^^^^^^^^^^^^^^^^^^^^^^^^
  File "C:\Users\ebube.oguchi\hpub-webapp\hpub-backend\venv\Lib\site-packages\django\views\generic\base.py", line 104, in view
    return self.dispatch(request, *args, **kwargs)
           ^^^^^^^^^^^^^^^^^^^^^^^^^^^^^^^^^^^^^^^
  File "C:\Users\ebube.oguchi\hpub-webapp\hpub-backend\venv\Lib\site-packages\rest_framework\views.py", line 509, in dispatch
    response = self.handle_exception(exc)
               ^^^^^^^^^^^^^^^^^^^^^^^^^^
  File "C:\Users\ebube.oguchi\hpub-webapp\hpub-backend\venv\Lib\site-packages\rest_framework\views.py", line 469, in handle_exception
    self.raise_uncaught_exception(exc)
  File "C:\Users\ebube.oguchi\hpub-webapp\hpub-backend\venv\Lib\site-packages\rest_framework\views.py", line 480, in raise_uncaught_exception
    raise exc
  File "C:\Users\ebube.oguchi\hpub-webapp\hpub-backend\venv\Lib\site-packages\rest_framework\views.py", line 506, in dispatch
    response = handler(request, *args, **kwargs)
               ^^^^^^^^^^^^^^^^^^^^^^^^^^^^^^^^^
  File "C:\Users\ebube.oguchi\hpub-webapp\hpub-backend\backend_alpha\core\orders\views.py", line 1301, in post
    self._create_order_item_instance(order_item_data)
  File "C:\Users\ebube.oguchi\hpub-webapp\hpub-backend\backend_alpha\core\orders\views.py", line 1472, in _create_order_item_instance
    data.get("order_ref").add_child(instance=order_item_instance)
  File "C:\Users\ebube.oguchi\hpub-webapp\hpub-backend\venv\Lib\site-packages\treebeard\mp_tree.py", line 1091, in add_child
    return MP_AddChildHandler(self, **kwargs).process()
           ^^^^^^^^^^^^^^^^^^^^^^^^^^^^^^^^^^^^^^^^^^^^
  File "C:\Users\ebube.oguchi\hpub-webapp\hpub-backend\venv\Lib\site-packages\treebeard\mp_tree.py", line 393, in process
    newobj.save()
  File "C:\Program Files\Python311\Lib\contextlib.py", line 81, in inner
    return func(*args, **kwds)
           ^^^^^^^^^^^^^^^^^^^
  File "C:\Users\ebube.oguchi\hpub-webapp\hpub-backend\venv\Lib\site-packages\wagtail\models\__init__.py", line 1618, in save
    result = super().save(**kwargs)
             ^^^^^^^^^^^^^^^^^^^^^^
  File "C:\Users\ebube.oguchi\hpub-webapp\hpub-backend\venv\Lib\site-packages\modelcluster\models.py", line 202, in save
    super().save(update_fields=real_update_fields, **kwargs)
  File "C:\Users\ebube.oguchi\hpub-webapp\hpub-backend\venv\Lib\site-packages\django\db\models\base.py", line 891, in save
    self.save_base(
  File "C:\Users\ebube.oguchi\hpub-webapp\hpub-backend\venv\Lib\site-packages\django\db\models\base.py", line 997, in save_base
    updated = self._save_table(
              ^^^^^^^^^^^^^^^^^
  File "C:\Users\ebube.oguchi\hpub-webapp\hpub-backend\venv\Lib\site-packages\django\db\models\base.py", line 1160, in _save_table
    results = self._do_insert(
              ^^^^^^^^^^^^^^^^
  File "C:\Users\ebube.oguchi\hpub-webapp\hpub-backend\venv\Lib\site-packages\django\db\models\base.py", line 1201, in _do_insert
    return manager._insert(
           ^^^^^^^^^^^^^^^^
  File "C:\Users\ebube.oguchi\hpub-webapp\hpub-backend\venv\Lib\site-packages\django\db\models\manager.py", line 87, in manager_method
    return getattr(self.get_queryset(), name)(*args, **kwargs)
           ^^^^^^^^^^^^^^^^^^^^^^^^^^^^^^^^^^^^^^^^^^^^^^^^^^^
  File "C:\Users\ebube.oguchi\hpub-webapp\hpub-backend\venv\Lib\site-packages\django\db\models\query.py", line 1847, in _insert
    return query.get_compiler(using=using).execute_sql(returning_fields)
           ^^^^^^^^^^^^^^^^^^^^^^^^^^^^^^^^^^^^^^^^^^^^^^^^^^^^^^^^^^^^^
  File "C:\Users\ebube.oguchi\hpub-webapp\hpub-backend\venv\Lib\site-packages\django\db\models\sql\compiler.py", line 1836, in execute_sql
    cursor.execute(sql, params)
  File "C:\Users\ebube.oguchi\hpub-webapp\hpub-backend\venv\Lib\site-packages\django\db\backends\utils.py", line 79, in execute
    return self._execute_with_wrappers(
           ^^^^^^^^^^^^^^^^^^^^^^^^^^^^
  File "C:\Users\ebube.oguchi\hpub-webapp\hpub-backend\venv\Lib\site-packages\django\db\backends\utils.py", line 92, in _execute_with_wrappers
    return executor(sql, params, many, context)
           ^^^^^^^^^^^^^^^^^^^^^^^^^^^^^^^^^^^^
  File "C:\Users\ebube.oguchi\hpub-webapp\hpub-backend\venv\Lib\site-packages\django\db\backends\utils.py", line 100, in _execute
    with self.db.wrap_database_errors:
  File "C:\Users\ebube.oguchi\hpub-webapp\hpub-backend\venv\Lib\site-packages\django\db\utils.py", line 91, in __exit__
    raise dj_exc_value.with_traceback(traceback) from exc_value
  File "C:\Users\ebube.oguchi\hpub-webapp\hpub-backend\venv\Lib\site-packages\django\db\backends\utils.py", line 105, in _execute
    return self.cursor.execute(sql, params)
           ^^^^^^^^^^^^^^^^^^^^^^^^^^^^^^^^
django.db.utils.IntegrityError: null value in column "product_code" of relation "orders_orderitem" violates not-null constraint
DETAIL:  Failing row contains (60, 9ed96a1b-cd13-46a1-ba3e-547c7e42b77c, 25, 10, 10, 5, 2ff49907-75e5-4e9c-8eba-5047c6cc5dad, null, null).

------------------------------ Captured log call ------------------------------
[33mWARNING [0m core.orders.views:views.py:1313 Parent page 'Addresses' not found, creating a new one.
[33mWARNING [0m core.orders.views:views.py:1313 Parent page 'Orders' not found, creating a new one.
[1m[31mERROR   [0m core.orders.views:views.py:1396 Error fetching or creating address: 'PageQuerySet' object has no attribute 'append'
[1m[31mERROR   [0m core.orders.views:views.py:1396 Error fetching or creating address: 'PageQuerySet' object has no attribute 'append'
[33mWARNING [0m core.orders.views:views.py:1415 Product with product_code prod-1 does not exist.
[1m[31mERROR   [0m django.request:log.py:248 Internal Server Error: /api/v1/migrate-orders/
Traceback (most recent call last):
  File "C:\Users\ebube.oguchi\hpub-webapp\hpub-backend\backend_alpha\core\orders\views.py", line 1451, in _create_order_item_instance
    order_item_instance = OrderItem.objects.get(
                          ^^^^^^^^^^^^^^^^^^^^^^
  File "C:\Users\ebube.oguchi\hpub-webapp\hpub-backend\venv\Lib\site-packages\django\db\models\manager.py", line 87, in manager_method
    return getattr(self.get_queryset(), name)(*args, **kwargs)
           ^^^^^^^^^^^^^^^^^^^^^^^^^^^^^^^^^^^^^^^^^^^^^^^^^^^
  File "C:\Users\ebube.oguchi\hpub-webapp\hpub-backend\venv\Lib\site-packages\django\db\models\query.py", line 649, in get
    raise self.model.DoesNotExist(
core.orders.models.OrderItem.DoesNotExist: OrderItem matching query does not exist.

During handling of the above exception, another exception occurred:

Traceback (most recent call last):
  File "C:\Users\ebube.oguchi\hpub-webapp\hpub-backend\venv\Lib\site-packages\django\db\backends\utils.py", line 105, in _execute
    return self.cursor.execute(sql, params)
           ^^^^^^^^^^^^^^^^^^^^^^^^^^^^^^^^
psycopg2.errors.NotNullViolation: null value in column "product_code" of relation "orders_orderitem" violates not-null constraint
DETAIL:  Failing row contains (60, 9ed96a1b-cd13-46a1-ba3e-547c7e42b77c, 25, 10, 10, 5, 2ff49907-75e5-4e9c-8eba-5047c6cc5dad, null, null).


The above exception was the direct cause of the following exception:

Traceback (most recent call last):
  File "C:\Users\ebube.oguchi\hpub-webapp\hpub-backend\venv\Lib\site-packages\django\core\handlers\exception.py", line 55, in inner
    response = get_response(request)
               ^^^^^^^^^^^^^^^^^^^^^
  File "C:\Users\ebube.oguchi\hpub-webapp\hpub-backend\venv\Lib\site-packages\django\core\handlers\base.py", line 197, in _get_response
    response = wrapped_callback(request, *callback_args, **callback_kwargs)
               ^^^^^^^^^^^^^^^^^^^^^^^^^^^^^^^^^^^^^^^^^^^^^^^^^^^^^^^^^^^^
  File "C:\Users\ebube.oguchi\hpub-webapp\hpub-backend\venv\Lib\site-packages\django\views\decorators\csrf.py", line 65, in _view_wrapper
    return view_func(request, *args, **kwargs)
           ^^^^^^^^^^^^^^^^^^^^^^^^^^^^^^^^^^^
  File "C:\Users\ebube.oguchi\hpub-webapp\hpub-backend\venv\Lib\site-packages\django\views\generic\base.py", line 104, in view
    return self.dispatch(request, *args, **kwargs)
           ^^^^^^^^^^^^^^^^^^^^^^^^^^^^^^^^^^^^^^^
  File "C:\Users\ebube.oguchi\hpub-webapp\hpub-backend\venv\Lib\site-packages\rest_framework\views.py", line 509, in dispatch
    response = self.handle_exception(exc)
               ^^^^^^^^^^^^^^^^^^^^^^^^^^
  File "C:\Users\ebube.oguchi\hpub-webapp\hpub-backend\venv\Lib\site-packages\rest_framework\views.py", line 469, in handle_exception
    self.raise_uncaught_exception(exc)
  File "C:\Users\ebube.oguchi\hpub-webapp\hpub-backend\venv\Lib\site-packages\rest_framework\views.py", line 480, in raise_uncaught_exception
    raise exc
  File "C:\Users\ebube.oguchi\hpub-webapp\hpub-backend\venv\Lib\site-packages\rest_framework\views.py", line 506, in dispatch
    response = handler(request, *args, **kwargs)
               ^^^^^^^^^^^^^^^^^^^^^^^^^^^^^^^^^
  File "C:\Users\ebube.oguchi\hpub-webapp\hpub-backend\backend_alpha\core\orders\views.py", line 1301, in post
    self._create_order_item_instance(order_item_data)
  File "C:\Users\ebube.oguchi\hpub-webapp\hpub-backend\backend_alpha\core\orders\views.py", line 1472, in _create_order_item_instance
    data.get("order_ref").add_child(instance=order_item_instance)
  File "C:\Users\ebube.oguchi\hpub-webapp\hpub-backend\venv\Lib\site-packages\treebeard\mp_tree.py", line 1091, in add_child
    return MP_AddChildHandler(self, **kwargs).process()
           ^^^^^^^^^^^^^^^^^^^^^^^^^^^^^^^^^^^^^^^^^^^^
  File "C:\Users\ebube.oguchi\hpub-webapp\hpub-backend\venv\Lib\site-packages\treebeard\mp_tree.py", line 393, in process
    newobj.save()
  File "C:\Program Files\Python311\Lib\contextlib.py", line 81, in inner
    return func(*args, **kwds)
           ^^^^^^^^^^^^^^^^^^^
  File "C:\Users\ebube.oguchi\hpub-webapp\hpub-backend\venv\Lib\site-packages\wagtail\models\__init__.py", line 1618, in save
    result = super().save(**kwargs)
             ^^^^^^^^^^^^^^^^^^^^^^
  File "C:\Users\ebube.oguchi\hpub-webapp\hpub-backend\venv\Lib\site-packages\modelcluster\models.py", line 202, in save
    super().save(update_fields=real_update_fields, **kwargs)
  File "C:\Users\ebube.oguchi\hpub-webapp\hpub-backend\venv\Lib\site-packages\django\db\models\base.py", line 891, in save
    self.save_base(
  File "C:\Users\ebube.oguchi\hpub-webapp\hpub-backend\venv\Lib\site-packages\django\db\models\base.py", line 997, in save_base
    updated = self._save_table(
              ^^^^^^^^^^^^^^^^^
  File "C:\Users\ebube.oguchi\hpub-webapp\hpub-backend\venv\Lib\site-packages\django\db\models\base.py", line 1160, in _save_table
    results = self._do_insert(
              ^^^^^^^^^^^^^^^^
  File "C:\Users\ebube.oguchi\hpub-webapp\hpub-backend\venv\Lib\site-packages\django\db\models\base.py", line 1201, in _do_insert
    return manager._insert(
           ^^^^^^^^^^^^^^^^
  File "C:\Users\ebube.oguchi\hpub-webapp\hpub-backend\venv\Lib\site-packages\django\db\models\manager.py", line 87, in manager_method
    return getattr(self.get_queryset(), name)(*args, **kwargs)
           ^^^^^^^^^^^^^^^^^^^^^^^^^^^^^^^^^^^^^^^^^^^^^^^^^^^
  File "C:\Users\ebube.oguchi\hpub-webapp\hpub-backend\venv\Lib\site-packages\django\db\models\query.py", line 1847, in _insert
    return query.get_compiler(using=using).execute_sql(returning_fields)
           ^^^^^^^^^^^^^^^^^^^^^^^^^^^^^^^^^^^^^^^^^^^^^^^^^^^^^^^^^^^^^
  File "C:\Users\ebube.oguchi\hpub-webapp\hpub-backend\venv\Lib\site-packages\django\db\models\sql\compiler.py", line 1836, in execute_sql
    cursor.execute(sql, params)
  File "C:\Users\ebube.oguchi\hpub-webapp\hpub-backend\venv\Lib\site-packages\django\db\backends\utils.py", line 79, in execute
    return self._execute_with_wrappers(
           ^^^^^^^^^^^^^^^^^^^^^^^^^^^^
  File "C:\Users\ebube.oguchi\hpub-webapp\hpub-backend\venv\Lib\site-packages\django\db\backends\utils.py", line 92, in _execute_with_wrappers
    return executor(sql, params, many, context)
           ^^^^^^^^^^^^^^^^^^^^^^^^^^^^^^^^^^^^
  File "C:\Users\ebube.oguchi\hpub-webapp\hpub-backend\venv\Lib\site-packages\django\db\backends\utils.py", line 100, in _execute
    with self.db.wrap_database_errors:
  File "C:\Users\ebube.oguchi\hpub-webapp\hpub-backend\venv\Lib\site-packages\django\db\utils.py", line 91, in __exit__
    raise dj_exc_value.with_traceback(traceback) from exc_value
  File "C:\Users\ebube.oguchi\hpub-webapp\hpub-backend\venv\Lib\site-packages\django\db\backends\utils.py", line 105, in _execute
    return self.cursor.execute(sql, params)
           ^^^^^^^^^^^^^^^^^^^^^^^^^^^^^^^^
django.db.utils.IntegrityError: null value in column "product_code" of relation "orders_orderitem" violates not-null constraint
DETAIL:  Failing row contains (60, 9ed96a1b-cd13-46a1-ba3e-547c7e42b77c, 25, 10, 10, 5, 2ff49907-75e5-4e9c-8eba-5047c6cc5dad, null, null).
_________________ TestOrderViewSet.test_create_order_success __________________
[gw6] win32 -- Python 3.11.9 C:\Users\ebube.oguchi\hpub-webapp\hpub-backend\venv\Scripts\python.exe

self = <test_orders.TestOrderViewSet object at 0x000001FB3FAF9150>
user = <User: User Title>
auth_api_client_user = <rest_framework.test.APIClient object at 0x000001FB58B36290>
mock_data = {'address_ref': '1', 'order_items': [{'product_code': '1-1-EN-001', 'quantity': 2}, {'product_code': '1-2-ES-001', 'qu...user_info': {'email': 'john.doe@example.com', 'first_name': 'John', 'last_name': 'Doe', 'mobile_number': '1234567890'}}

    def test_create_order_success(self, user, auth_api_client_user, mock_data):

        url = reverse("order-list")

        payload = {
            "order_id": "12345",
            "order_items": mock_data["order_items"],
            "user_ref": user.user_id,
            "address_ref": mock_data["address_ref"],
            "tracking_number": "TRACK12345",
            "order_confirmation_number": "CONFM123334",
            "order_origin": "by_user",
        }

        response = auth_api_client_user.post(url, payload, format="json")

        logging.info(f"Response Data: {response.json()}")

>       assert response.status_code == status.HTTP_201_CREATED
E       assert 400 == 201
E        +  where 400 = <Response status_code=400, "application/json">.status_code
E        +  and   201 = status.HTTP_201_CREATED

test\test_orders.py:997: AssertionError
----------------------------- Captured log setup ------------------------------
[33mWARNING [0m test_orders:test_orders.py:44 Parent page 'Organizations' not found, creating new one.
[33mWARNING [0m test_orders:test_orders.py:44 Parent page 'Establishments' not found, creating new one.
[33mWARNING [0m test_orders:test_orders.py:44 Parent page 'Roles' not found, creating new one.
[33mWARNING [0m test_orders:test_orders.py:44 Parent page 'Users' not found, creating new one.
[33mWARNING [0m test_orders:test_orders.py:44 Parent page 'Programs' not found, creating new one.
[33mWARNING [0m test_orders:test_orders.py:44 Parent page 'Languages' not found, creating new one.
[1m[31mERROR   [0m core.utils.check_product_required_fields_aps_decorator:check_product_required_fields_aps_decorator.py:39 Missing required fields: unit_of_measure
[1m[31mERROR   [0m core.utils.check_product_required_fields_aps_decorator:check_product_required_fields_aps_decorator.py:39 Missing required fields: unit_of_measure, stock_owner_email_address, order_referral_email_address
[1m[31mERROR   [0m core.utils.check_product_required_fields_aps_decorator:check_product_required_fields_aps_decorator.py:39 Missing required fields: unit_of_measure
[1m[31mERROR   [0m core.utils.check_product_required_fields_aps_decorator:check_product_required_fields_aps_decorator.py:39 Missing required fields: unit_of_measure, stock_owner_email_address, order_referral_email_address
[1m[31mERROR   [0m core.utils.check_product_required_fields_aps_decorator:check_product_required_fields_aps_decorator.py:39 Missing required fields: unit_of_measure
[1m[31mERROR   [0m core.utils.check_product_required_fields_aps_decorator:check_product_required_fields_aps_decorator.py:39 Missing required fields: unit_of_measure, stock_owner_email_address, order_referral_email_address
[1m[31mERROR   [0m core.utils.check_product_required_fields_aps_decorator:check_product_required_fields_aps_decorator.py:39 Missing required fields: unit_of_measure
[1m[31mERROR   [0m core.utils.check_product_required_fields_aps_decorator:check_product_required_fields_aps_decorator.py:39 Missing required fields: unit_of_measure, stock_owner_email_address, order_referral_email_address
[33mWARNING [0m test_orders:test_orders.py:44 Parent page 'Addresses' not found, creating new one.
---------------------------- Captured stdout call -----------------------------
Bad Request: /api/v1/orders/
------------------------------ Captured log call ------------------------------
[1m[31mERROR   [0m core.orders.views:views.py:286 Integrity error occurred while creating order.
Traceback (most recent call last):
  File "C:\Users\ebube.oguchi\hpub-webapp\hpub-backend\venv\Lib\site-packages\django\db\backends\utils.py", line 105, in _execute
    return self.cursor.execute(sql, params)
           ^^^^^^^^^^^^^^^^^^^^^^^^^^^^^^^^
psycopg2.errors.NotNullViolation: null value in column "product_code" of relation "orders_orderitem" violates not-null constraint
DETAIL:  Failing row contains (98, 0c4e6c75-f919-4634-beeb-1fc3ecd5c4eb, 2, 0, 0, 0, 12345, 4677686-678888, null).


The above exception was the direct cause of the following exception:

Traceback (most recent call last):
  File "C:\Users\ebube.oguchi\hpub-webapp\hpub-backend\backend_alpha\core\orders\views.py", line 271, in create
    self._create_order_items(
  File "C:\Users\ebube.oguchi\hpub-webapp\hpub-backend\backend_alpha\core\orders\views.py", line 552, in _create_order_items
    parent_page.add_child(instance=order_item_instance)
  File "C:\Users\ebube.oguchi\hpub-webapp\hpub-backend\venv\Lib\site-packages\treebeard\mp_tree.py", line 1091, in add_child
    return MP_AddChildHandler(self, **kwargs).process()
           ^^^^^^^^^^^^^^^^^^^^^^^^^^^^^^^^^^^^^^^^^^^^
  File "C:\Users\ebube.oguchi\hpub-webapp\hpub-backend\venv\Lib\site-packages\treebeard\mp_tree.py", line 393, in process
    newobj.save()
  File "C:\Program Files\Python311\Lib\contextlib.py", line 81, in inner
    return func(*args, **kwds)
           ^^^^^^^^^^^^^^^^^^^
  File "C:\Users\ebube.oguchi\hpub-webapp\hpub-backend\venv\Lib\site-packages\wagtail\models\__init__.py", line 1618, in save
    result = super().save(**kwargs)
             ^^^^^^^^^^^^^^^^^^^^^^
  File "C:\Users\ebube.oguchi\hpub-webapp\hpub-backend\venv\Lib\site-packages\modelcluster\models.py", line 202, in save
    super().save(update_fields=real_update_fields, **kwargs)
  File "C:\Users\ebube.oguchi\hpub-webapp\hpub-backend\venv\Lib\site-packages\django\db\models\base.py", line 891, in save
    self.save_base(
  File "C:\Users\ebube.oguchi\hpub-webapp\hpub-backend\venv\Lib\site-packages\django\db\models\base.py", line 997, in save_base
    updated = self._save_table(
              ^^^^^^^^^^^^^^^^^
  File "C:\Users\ebube.oguchi\hpub-webapp\hpub-backend\venv\Lib\site-packages\django\db\models\base.py", line 1160, in _save_table
    results = self._do_insert(
              ^^^^^^^^^^^^^^^^
  File "C:\Users\ebube.oguchi\hpub-webapp\hpub-backend\venv\Lib\site-packages\django\db\models\base.py", line 1201, in _do_insert
    return manager._insert(
           ^^^^^^^^^^^^^^^^
  File "C:\Users\ebube.oguchi\hpub-webapp\hpub-backend\venv\Lib\site-packages\django\db\models\manager.py", line 87, in manager_method
    return getattr(self.get_queryset(), name)(*args, **kwargs)
           ^^^^^^^^^^^^^^^^^^^^^^^^^^^^^^^^^^^^^^^^^^^^^^^^^^^
  File "C:\Users\ebube.oguchi\hpub-webapp\hpub-backend\venv\Lib\site-packages\django\db\models\query.py", line 1847, in _insert
    return query.get_compiler(using=using).execute_sql(returning_fields)
           ^^^^^^^^^^^^^^^^^^^^^^^^^^^^^^^^^^^^^^^^^^^^^^^^^^^^^^^^^^^^^
  File "C:\Users\ebube.oguchi\hpub-webapp\hpub-backend\venv\Lib\site-packages\django\db\models\sql\compiler.py", line 1836, in execute_sql
    cursor.execute(sql, params)
  File "C:\Users\ebube.oguchi\hpub-webapp\hpub-backend\venv\Lib\site-packages\django\db\backends\utils.py", line 79, in execute
    return self._execute_with_wrappers(
           ^^^^^^^^^^^^^^^^^^^^^^^^^^^^
  File "C:\Users\ebube.oguchi\hpub-webapp\hpub-backend\venv\Lib\site-packages\django\db\backends\utils.py", line 92, in _execute_with_wrappers
    return executor(sql, params, many, context)
           ^^^^^^^^^^^^^^^^^^^^^^^^^^^^^^^^^^^^
  File "C:\Users\ebube.oguchi\hpub-webapp\hpub-backend\venv\Lib\site-packages\django\db\backends\utils.py", line 100, in _execute
    with self.db.wrap_database_errors:
  File "C:\Users\ebube.oguchi\hpub-webapp\hpub-backend\venv\Lib\site-packages\django\db\utils.py", line 91, in __exit__
    raise dj_exc_value.with_traceback(traceback) from exc_value
  File "C:\Users\ebube.oguchi\hpub-webapp\hpub-backend\venv\Lib\site-packages\django\db\backends\utils.py", line 105, in _execute
    return self.cursor.execute(sql, params)
           ^^^^^^^^^^^^^^^^^^^^^^^^^^^^^^^^
django.db.utils.IntegrityError: null value in column "product_code" of relation "orders_orderitem" violates not-null constraint
DETAIL:  Failing row contains (98, 0c4e6c75-f919-4634-beeb-1fc3ecd5c4eb, 2, 0, 0, 0, 12345, 4677686-678888, null).

[33mWARNING [0m django.request:log.py:248 Bad Request: /api/v1/orders/
__________ TestProductCreateView.test_create_product_invalid_program __________
[gw5] win32 -- Python 3.11.9 C:\Users\ebube.oguchi\hpub-webapp\hpub-backend\venv\Scripts\python.exe

self = <test_products.TestProductCreateView object at 0x0000016547E0E590>
product = [<Product: Product 1>, <Product: Product 2>]
auth_api_client_admin = <rest_framework.test.APIClient object at 0x0000016549C46FD0>

    def test_create_product_invalid_program(self, product, auth_api_client_admin):
        # Prepare the payload with an invalid program name
        payload = {
            "product_title": "New Test Product",
            "language_id": str(product[0].language_id.language_id),
            "file_url": "https://example.com/new_file",
            "program_name": "Invalid Program Name",  # Invalid program name
            "tag": "download-only",
        }

        # Send a POST request to the ProductCreateView
        response = auth_api_client_admin.post(
            reverse("create-product"),
            data=json.dumps(payload),
            content_type="application/json",
        )

        # Check that the response indicates invalid data
        assert response.status_code == status.HTTP_400_BAD_REQUEST
>       assert response.json() == {
            "error_code": "INVALID_DATA",
            "error_message": "{'detail': 'Program name does not exist'}",
        }
E       assert {'error_code'... is missing.'} == {'error_code'... not exist'}"}
E
E         Differing items:
E         [0m{[33m'[39;49;00m[33merror_code[39;49;00m[33m'[39;49;00m: [33m'[39;49;00m[33mMISSING_FIELD[39;49;00m[33m'[39;49;00m}[90m[39;49;00m != [0m{[33m'[39;49;00m[33merror_code[39;49;00m[33m'[39;49;00m: [33m'[39;49;00m[33mINVALID_DATA[39;49;00m[33m'[39;49;00m}[90m[39;49;00m
E         [0m{[33m'[39;49;00m[33merror_message[39;49;00m[33m'[39;49;00m: [33m'[39;49;00m[33mA required field is missing.[39;49;00m[33m'[39;49;00m}[90m[39;49;00m != [0m{[33m'[39;49;00m[33merror_message[39;49;00m[33m'[39;49;00m: [33m"[39;49;00m[33m{...
E
E         ...Full output truncated (9 lines hidden), use '-vv' to show

test\test_products.py:968: AssertionError
----------------------------- Captured log setup ------------------------------
[33mWARNING [0m test_products:test_products.py:51 Parent page 'Programs' not found, creating new one.
[33mWARNING [0m test_products:test_products.py:51 Parent page 'Products' not found, creating new one.
[33mWARNING [0m test_products:test_products.py:51 Parent page 'Languages' not found, creating new one.
[31m[1mERROR   [0m core.utils.check_product_required_fields_aps_decorator:check_product_required_fields_aps_decorator.py:39 Missing required fields: unit_of_measure, run_to_zero
[31m[1mERROR   [0m core.utils.check_product_required_fields_aps_decorator:check_product_required_fields_aps_decorator.py:39 Missing required fields: unit_of_measure, run_to_zero, minimum_stock_level, cost_centre, local_code, stock_owner_email_address, order_referral_email_address
[31m[1mERROR   [0m core.utils.check_product_required_fields_aps_decorator:check_product_required_fields_aps_decorator.py:39 Missing required fields: unit_of_measure, run_to_zero
[31m[1mERROR   [0m core.utils.check_product_required_fields_aps_decorator:check_product_required_fields_aps_decorator.py:39 Missing required fields: unit_of_measure, run_to_zero, minimum_stock_level, cost_centre, local_code, stock_owner_email_address, order_referral_email_address
[31m[1mERROR   [0m core.utils.check_product_required_fields_aps_decorator:check_product_required_fields_aps_decorator.py:39 Missing required fields: unit_of_measure, run_to_zero
[31m[1mERROR   [0m core.utils.check_product_required_fields_aps_decorator:check_product_required_fields_aps_decorator.py:39 Missing required fields: unit_of_measure, run_to_zero, minimum_stock_level, cost_centre, local_code, stock_owner_email_address, order_referral_email_address
[31m[1mERROR   [0m core.utils.check_product_required_fields_aps_decorator:check_product_required_fields_aps_decorator.py:39 Missing required fields: unit_of_measure, run_to_zero
[31m[1mERROR   [0m core.utils.check_product_required_fields_aps_decorator:check_product_required_fields_aps_decorator.py:39 Missing required fields: unit_of_measure, run_to_zero, minimum_stock_level, cost_centre, local_code, stock_owner_email_address, order_referral_email_address
[33mWARNING [0m test_products:test_products.py:51 Parent page 'Organizations' not found, creating new one.
[33mWARNING [0m test_products:test_products.py:51 Parent page 'Establishments' not found, creating new one.
[33mWARNING [0m test_products:test_products.py:51 Parent page 'Roles' not found, creating new one.
[33mWARNING [0m test_products:test_products.py:51 Parent page 'Users' not found, creating new one.
---------------------------- Captured stdout call -----------------------------
Bad Request: /api/v1/products/create/
------------------------------ Captured log call ------------------------------
[33mWARNING [0m core.products.views:views.py:3156 Missing required fields: ['user_id']
[33mWARNING [0m django.request:log.py:248 Bad Request: /api/v1/products/create/
________ TestProductCreateView.test_create_product_language_not_found _________
[gw5] win32 -- Python 3.11.9 C:\Users\ebube.oguchi\hpub-webapp\hpub-backend\venv\Scripts\python.exe

self = <test_products.TestProductCreateView object at 0x0000016547E1C210>
program = <Program: Test Program>
auth_api_client_admin = <rest_framework.test.APIClient object at 0x0000016549DCEFD0>

    def test_create_product_language_not_found(self, program, auth_api_client_admin):
        # Prepare the payload with a non-existing language_id
        payload = {
            "product_title": "New Test Product",
            "language_id": str(uuid.uuid4()),  # Non-existing language ID
            "file_url": "https://example.com/new_file",
            "program_name": program.programme_name,
            "tag": "download-only",
        }

        # Send a POST request to the ProductCreateView
        response = auth_api_client_admin.post(
            reverse("create-product"),
            data=json.dumps(payload),
            content_type="application/json",
        )

        # Check that the response indicates invalid data
        assert response.status_code == status.HTTP_400_BAD_REQUEST
>       assert response.json() == {
            "error_code": "INVALID_DATA",
            "error_message": "{'detail': 'Language ID does not exist'}",
        }
E       assert {'error_code'... is missing.'} == {'error_code'... not exist'}"}
E
E         Differing items:
E         [0m{[33m'[39;49;00m[33merror_code[39;49;00m[33m'[39;49;00m: [33m'[39;49;00m[33mMISSING_FIELD[39;49;00m[33m'[39;49;00m}[90m[39;49;00m != [0m{[33m'[39;49;00m[33merror_code[39;49;00m[33m'[39;49;00m: [33m'[39;49;00m[33mINVALID_DATA[39;49;00m[33m'[39;49;00m}[90m[39;49;00m
E         [0m{[33m'[39;49;00m[33merror_message[39;49;00m[33m'[39;49;00m: [33m'[39;49;00m[33mA required field is missing.[39;49;00m[33m'[39;49;00m}[90m[39;49;00m != [0m{[33m'[39;49;00m[33merror_message[39;49;00m[33m'[39;49;00m: [33m"[39;49;00m[33m{...
E
E         ...Full output truncated (9 lines hidden), use '-vv' to show

test\test_products.py:992: AssertionError
----------------------------- Captured log setup ------------------------------
[33mWARNING [0m test_products:test_products.py:51 Parent page 'Programs' not found, creating new one.
[33mWARNING [0m test_products:test_products.py:51 Parent page 'Organizations' not found, creating new one.
[33mWARNING [0m test_products:test_products.py:51 Parent page 'Establishments' not found, creating new one.
[33mWARNING [0m test_products:test_products.py:51 Parent page 'Roles' not found, creating new one.
[33mWARNING [0m test_products:test_products.py:51 Parent page 'Users' not found, creating new one.
---------------------------- Captured stdout call -----------------------------
Bad Request: /api/v1/products/create/
------------------------------ Captured log call ------------------------------
[33mWARNING [0m core.products.views:views.py:3156 Missing required fields: ['user_id']
[33mWARNING [0m django.request:log.py:248 Bad Request: /api/v1/products/create/
____________ TestOrderViewSet.test_create_order_for_admin_success _____________
[gw4] win32 -- Python 3.11.9 C:\Users\ebube.oguchi\hpub-webapp\hpub-backend\venv\Scripts\python.exe

self = <test_orders.TestOrderViewSet object at 0x000001C6C36B7C50>
user_admin = <User: User Admin Title>, admin_user = <User: admin>
auth_api_client_admin = <rest_framework.test.APIClient object at 0x000001C6DAFF0390>
mock_data = {'address_ref': '1', 'order_items': [{'product_code': '1-1-EN-001', 'quantity': 2}, {'product_code': '1-2-ES-001', 'qu...user_info': {'email': 'john.doe@example.com', 'first_name': 'John', 'last_name': 'Doe', 'mobile_number': '1234567890'}}

    def test_create_order_for_admin_success(
        self, user_admin, admin_user, auth_api_client_admin, mock_data
    ):

        url = reverse("order-create-for-admin")

        payload = {
            "order_id": "12345",
            "order_items": mock_data["order_items"],
            "user_info": mock_data["user_info"],
            "user_ref": user_admin.user_id,
            "address_ref": mock_data["address_ref"],
            "order_confirmation_number": "CONFIRM123",
            "order_origin": "order_on_behalf",
        }

        response = auth_api_client_admin.post(url, payload, format="json")

        # Log response data for debugging
        logging.info(f"Response Data: {response.json()}")

>       assert response.status_code == status.HTTP_201_CREATED
E       assert 500 == 201
E        +  where 500 = <JsonResponse status_code=500, "application/json">.status_code
E        +  and   201 = status.HTTP_201_CREATED

test\test_orders.py:924: AssertionError
----------------------------- Captured log setup ------------------------------
[33mWARNING [0m test_orders:test_orders.py:44 Parent page 'Organizations' not found, creating new one.
[33mWARNING [0m test_orders:test_orders.py:44 Parent page 'Establishments' not found, creating new one.
[33mWARNING [0m test_orders:test_orders.py:44 Parent page 'Roles' not found, creating new one.
[33mWARNING [0m test_orders:test_orders.py:44 Parent page 'Users' not found, creating new one.
[33mWARNING [0m test_orders:test_orders.py:44 Parent page 'Programs' not found, creating new one.
[33mWARNING [0m test_orders:test_orders.py:44 Parent page 'Languages' not found, creating new one.
[1m[31mERROR   [0m core.utils.check_product_required_fields_aps_decorator:check_product_required_fields_aps_decorator.py:39 Missing required fields: unit_of_measure
[1m[31mERROR   [0m core.utils.check_product_required_fields_aps_decorator:check_product_required_fields_aps_decorator.py:39 Missing required fields: unit_of_measure, stock_owner_email_address, order_referral_email_address
[1m[31mERROR   [0m core.utils.check_product_required_fields_aps_decorator:check_product_required_fields_aps_decorator.py:39 Missing required fields: unit_of_measure
[1m[31mERROR   [0m core.utils.check_product_required_fields_aps_decorator:check_product_required_fields_aps_decorator.py:39 Missing required fields: unit_of_measure, stock_owner_email_address, order_referral_email_address
[1m[31mERROR   [0m core.utils.check_product_required_fields_aps_decorator:check_product_required_fields_aps_decorator.py:39 Missing required fields: unit_of_measure
[1m[31mERROR   [0m core.utils.check_product_required_fields_aps_decorator:check_product_required_fields_aps_decorator.py:39 Missing required fields: unit_of_measure, stock_owner_email_address, order_referral_email_address
[1m[31mERROR   [0m core.utils.check_product_required_fields_aps_decorator:check_product_required_fields_aps_decorator.py:39 Missing required fields: unit_of_measure
[1m[31mERROR   [0m core.utils.check_product_required_fields_aps_decorator:check_product_required_fields_aps_decorator.py:39 Missing required fields: unit_of_measure, stock_owner_email_address, order_referral_email_address
[33mWARNING [0m test_orders:test_orders.py:44 Parent page 'Addresses' not found, creating new one.
---------------------------- Captured stdout call -----------------------------
INTERNAL_SERVER_ERROR An internal server error occurred.
Internal Server Error: /api/v1/orders/admin/
------------------------------ Captured log call ------------------------------
[1m[31mERROR   [0m core.orders.views:views.py:200 Unexpected error occurred while creating order.
Traceback (most recent call last):
  File "C:\Users\ebube.oguchi\hpub-webapp\hpub-backend\backend_alpha\core\orders\views.py", line 173, in create_for_admin
    order_instance = self._create_order_instance(
                     ^^^^^^^^^^^^^^^^^^^^^^^^^^^^
  File "C:\Users\ebube.oguchi\hpub-webapp\hpub-backend\backend_alpha\core\orders\views.py", line 511, in _create_order_instance
    parent_page.add_child(instance=order_instance)
  File "C:\Users\ebube.oguchi\hpub-webapp\hpub-backend\venv\Lib\site-packages\treebeard\mp_tree.py", line 1091, in add_child
    return MP_AddChildHandler(self, **kwargs).process()
           ^^^^^^^^^^^^^^^^^^^^^^^^^^^^^^^^^^^^^^^^^^^^
  File "C:\Users\ebube.oguchi\hpub-webapp\hpub-backend\venv\Lib\site-packages\treebeard\mp_tree.py", line 393, in process
    newobj.save()
  File "C:\Program Files\Python311\Lib\contextlib.py", line 81, in inner
    return func(*args, **kwds)
           ^^^^^^^^^^^^^^^^^^^
  File "C:\Users\ebube.oguchi\hpub-webapp\hpub-backend\venv\Lib\site-packages\wagtail\models\__init__.py", line 1592, in save
    self.full_clean()
  File "C:\Users\ebube.oguchi\hpub-webapp\hpub-backend\venv\Lib\site-packages\wagtail\models\__init__.py", line 1543, in full_clean
    super().full_clean(*args, **kwargs)
  File "C:\Users\ebube.oguchi\hpub-webapp\hpub-backend\venv\Lib\site-packages\django\db\models\base.py", line 1650, in full_clean
    raise ValidationError(errors)
django.core.exceptions.ValidationError: {'user_ref': ['This field cannot be blank.']}
[1m[31mERROR   [0m django.request:log.py:248 Internal Server Error: /api/v1/orders/admin/
______________ TestProductCreateView.test_create_product_success ______________
[gw0] win32 -- Python 3.11.9 C:\Users\ebube.oguchi\hpub-webapp\hpub-backend\venv\Scripts\python.exe

self = <test_products.TestProductCreateView object at 0x00000250DEC43BD0>
product = [<Product: Product 1>, <Product: Product 2>]
program = <Program: Test Program>
auth_api_client_admin = <rest_framework.test.APIClient object at 0x00000250DFA43E10>

    def test_create_product_success(self, product, program, auth_api_client_admin):
        # Prepare the payload for creating a product
        payload = {
            "product_title": "New Test Product",
            "language_id": str(
                product[0].language_id.language_id
            ),  # Use the language ID from the fixture
            "file_url": "https://example.com/new_file",
            "program_name": program.programme_name,
            "tag": "download-only",
            "is_uuid": True,
        }

        # Send a POST request to the ProductCreateView
        response = auth_api_client_admin.post(
            reverse("create-product"),
            data=json.dumps(payload),
            content_type="application/json",
        )

        # Check that the response is a success
>       assert response.status_code == status.HTTP_201_CREATED
E       assert 400 == 201
E        +  where 400 = <JsonResponse status_code=400, "application/json">.status_code
E        +  and   201 = status.HTTP_201_CREATED

test\test_products.py:914: AssertionError
----------------------------- Captured log setup ------------------------------
[33mWARNING [0m test_products:test_products.py:51 Parent page 'Programs' not found, creating new one.
[33mWARNING [0m test_products:test_products.py:51 Parent page 'Products' not found, creating new one.
[33mWARNING [0m test_products:test_products.py:51 Parent page 'Languages' not found, creating new one.
[31m[1mERROR   [0m core.utils.check_product_required_fields_aps_decorator:check_product_required_fields_aps_decorator.py:39 Missing required fields: unit_of_measure, run_to_zero
[31m[1mERROR   [0m core.utils.check_product_required_fields_aps_decorator:check_product_required_fields_aps_decorator.py:39 Missing required fields: unit_of_measure, run_to_zero, minimum_stock_level, cost_centre, local_code, stock_owner_email_address, order_referral_email_address
[31m[1mERROR   [0m core.utils.check_product_required_fields_aps_decorator:check_product_required_fields_aps_decorator.py:39 Missing required fields: unit_of_measure, run_to_zero
[31m[1mERROR   [0m core.utils.check_product_required_fields_aps_decorator:check_product_required_fields_aps_decorator.py:39 Missing required fields: unit_of_measure, run_to_zero, minimum_stock_level, cost_centre, local_code, stock_owner_email_address, order_referral_email_address
[31m[1mERROR   [0m core.utils.check_product_required_fields_aps_decorator:check_product_required_fields_aps_decorator.py:39 Missing required fields: unit_of_measure, run_to_zero
[31m[1mERROR   [0m core.utils.check_product_required_fields_aps_decorator:check_product_required_fields_aps_decorator.py:39 Missing required fields: unit_of_measure, run_to_zero, minimum_stock_level, cost_centre, local_code, stock_owner_email_address, order_referral_email_address
[31m[1mERROR   [0m core.utils.check_product_required_fields_aps_decorator:check_product_required_fields_aps_decorator.py:39 Missing required fields: unit_of_measure, run_to_zero
[31m[1mERROR   [0m core.utils.check_product_required_fields_aps_decorator:check_product_required_fields_aps_decorator.py:39 Missing required fields: unit_of_measure, run_to_zero, minimum_stock_level, cost_centre, local_code, stock_owner_email_address, order_referral_email_address
[33mWARNING [0m test_products:test_products.py:51 Parent page 'Organizations' not found, creating new one.
[33mWARNING [0m test_products:test_products.py:51 Parent page 'Establishments' not found, creating new one.
[33mWARNING [0m test_products:test_products.py:51 Parent page 'Roles' not found, creating new one.
[33mWARNING [0m test_products:test_products.py:51 Parent page 'Users' not found, creating new one.
---------------------------- Captured stdout call -----------------------------
Bad Request: /api/v1/products/create/
------------------------------ Captured log call ------------------------------
[33mWARNING [0m core.products.views:views.py:3156 Missing required fields: ['user_id']
[33mWARNING [0m django.request:log.py:248 Bad Request: /api/v1/products/create/
___________________________ test_get_aws_secret_key ___________________________
[gw7] win32 -- Python 3.11.9 C:\Users\ebube.oguchi\hpub-webapp\hpub-backend\venv\Scripts\python.exe

mock_get_secret_value = <MagicMock name='get_secret_value' id='2958974563664'>

    @patch.dict(os.environ, {"AWS_SECRET_KEY": "fake_aws_secret_key"})
    @patch("configs.get_secret_config.get_secret_value")
    def test_get_aws_secret_key(mock_get_secret_value):
        """Test retrieving the AWS secret key."""
        mock_get_secret_value.return_value = '{"AWS_SECRET_KEY": "secret_value"}'
>       secret_key = Config.get_aws_secret_key()
E       AttributeError: type object 'Config' has no attribute 'get_aws_secret_key'

test\test_get_secrets.py:78: AttributeError
-------------------------- Captured stderr teardown ---------------------------
Destroying test database for alias 'default'...
________________ test_get_value_raises_error_for_empty_secret _________________
[gw3] win32 -- Python 3.11.9 C:\Users\ebube.oguchi\hpub-webapp\hpub-backend\venv\Scripts\python.exe

mock_get_secret_value = <MagicMock name='get_secret_value' id='2803241326928'>

    @patch("configs.get_secret_config.get_secret_value")
    def test_get_value_raises_error_for_empty_secret(mock_get_secret_value):
        """Test that an error is raised if the secret is empty."""
        mock_get_secret_value.return_value = ""

        with pytest.raises(ValueError, match="Secret value for AWS_API_KEY is empty."):
>           Config.get_value("AWS_API_KEY", is_secret=True)

test\test_get_secrets.py:61:
_ _ _ _ _ _ _ _ _ _ _ _ _ _ _ _ _ _ _ _ _ _ _ _ _ _ _ _ _ _ _ _ _ _ _ _ _ _ _ _

key = 'AWS_API_KEY', is_secret = True

    @staticmethod
    def get_value(key: str, is_secret: bool = False):
        """Retrieve the specified environment variable, handling errors and logging."""
        value = Config._get_value(key, is_secret)
        if value is None:
            logger.error(f"Environment variable {key} is undefined or empty")
>           raise EnvironmentError(f"Environment variable {key} is undefined or empty")
E           OSError: Environment variable AWS_API_KEY is undefined or empty

configs\get_secret_config.py:60: OSError
------------------------------ Captured log call ------------------------------
[1m[31mERROR   [0m configs.get_secret_config:get_secret_config.py:59 Environment variable AWS_API_KEY is undefined or empty
-------------------------- Captured stderr teardown ---------------------------
Destroying test database for alias 'default'...
============================== warnings summary ===============================
..\venv\Lib\site-packages\_pytest\config\__init__.py:1441
..\venv\Lib\site-packages\_pytest\config\__init__.py:1441
..\venv\Lib\site-packages\_pytest\config\__init__.py:1441
..\venv\Lib\site-packages\_pytest\config\__init__.py:1441
..\venv\Lib\site-packages\_pytest\config\__init__.py:1441
..\venv\Lib\site-packages\_pytest\config\__init__.py:1441
..\venv\Lib\site-packages\_pytest\config\__init__.py:1441
..\venv\Lib\site-packages\_pytest\config\__init__.py:1441
..\venv\Lib\site-packages\_pytest\config\__init__.py:1441
  C:\Users\ebube.oguchi\hpub-webapp\hpub-backend\venv\Lib\site-packages\_pytest\config\__init__.py:1441: PytestConfigWarning: Unknown config option: python_paths

    self._warn_or_fail_if_strict(f"Unknown config option: {key}\n")

test/test_feedbacks.py::TestFeedbackViewSet::test_create_feedback_without_user
test/test_customer_support.py::test_list_customer_support
test/test_diseases.py::TestDiseaseViewSet::test_delete_all_diseases_with_program
test/test_audiences.py::test_bulk_upload_audience_positive
test/test_languages.py::TestLanguagePageViewSet::test_create_language_duplicate
test/test_languages.py::TestLanguagePageViewSet::test_create_language_missing_both_fields
test/test_establishments.py::test_get_establishment_by_organization
test/test_diseases.py::TestDiseaseViewSet::test_create_disease_with_program
  C:\Users\ebube.oguchi\hpub-webapp\hpub-backend\venv\Lib\site-packages\wagtail\migrations\0087_alter_grouppagepermission_unique_together_and_more.py:19: RemovedInDjango60Warning: CheckConstraint.check is deprecated in favor of `.condition`.
    constraint=models.CheckConstraint(

test/test_feedbacks.py::TestFeedbackViewSet::test_create_feedback_without_user
test/test_customer_support.py::test_list_customer_support
test/test_audiences.py::test_bulk_upload_audience_positive
test/test_diseases.py::TestDiseaseViewSet::test_delete_all_diseases_with_program
test/test_languages.py::TestLanguagePageViewSet::test_create_language_duplicate
test/test_languages.py::TestLanguagePageViewSet::test_create_language_missing_both_fields
test/test_establishments.py::test_get_establishment_by_organization
test/test_diseases.py::TestDiseaseViewSet::test_create_disease_with_program
  C:\Users\ebube.oguchi\hpub-webapp\hpub-backend\venv\Lib\site-packages\l18n\translation.py:17: DeprecationWarning: 'locale.getdefaultlocale' is deprecated and slated for removal in Python 3.15. Use setlocale(), getencoding() and getlocale() instead.
    self.set(getdefaultlocale()[0])

test/test_feedbacks.py::TestFeedbackViewSet::test_create_feedback_without_user
test/test_customer_support.py::test_list_customer_support
test/test_diseases.py::TestDiseaseViewSet::test_delete_all_diseases_with_program
test/test_audiences.py::test_bulk_upload_audience_positive
test/test_languages.py::TestLanguagePageViewSet::test_create_language_duplicate
test/test_languages.py::TestLanguagePageViewSet::test_create_language_missing_both_fields
test/test_establishments.py::test_get_establishment_by_organization
test/test_diseases.py::TestDiseaseViewSet::test_create_disease_with_program
  C:\Users\ebube.oguchi\hpub-webapp\hpub-backend\venv\Lib\site-packages\wagtail\admin\forms\choosers.py:35: RemovedInDjango60Warning: The default scheme will be changed from 'http' to 'https' in Django 6.0. Pass the forms.URLField.assume_scheme argument to silence this warning, or set the FORMS_URLFIELD_ASSUME_HTTPS transitional setting to True to opt into using 'https' as the new default scheme.
    url = URLOrAbsolutePathField(required=True, label=_("URL"))

test/test_feedbacks.py: 13 warnings
test/test_customer_support.py: 13 warnings
test/test_audiences.py: 13 warnings
test/test_diseases.py: 26 warnings
test/test_languages.py: 26 warnings
test/test_establishments.py: 13 warnings
  C:\Users\ebube.oguchi\hpub-webapp\hpub-backend\venv\Lib\site-packages\rest_framework\urlpatterns.py:108: RemovedInDjango60Warning: Converter 'drf_format_suffix' is already registered. Support for overriding registered converters is deprecated and will be removed in Django 6.0.
    register_converter(suffix_converter, converter_name)

-- Docs: https://docs.pytest.org/en/stable/how-to/capture-warnings.html

---------- coverage: platform win32, python 3.11.9-final-0 -----------
Name                        Stmts   Miss  Cover   Missing
---------------------------------------------------------
backend_alpha\__init__.py       0      0   100%
backend_alpha\asgi.py           4      4     0%   10-16
backend_alpha\settings.py      51      0   100%
backend_alpha\urls.py           4      0   100%
backend_alpha\wsgi.py           4      4     0%   10-16
---------------------------------------------------------
TOTAL                          63      8    87%

=========================== short test summary info ===========================
FAILED test/test_feedbacks.py::TestFeedbackViewSet::test_create_feedback_without_user
FAILED test/test_diseases.py::TestDiseaseViewSet::test_list_diseases_empty_with_program
FAILED test/test_orders.py::TestMigrateOrdersAPIView::test_migrate_orders_success
FAILED test/test_orders.py::TestOrderViewSet::test_create_order_success - ass...
FAILED test/test_products.py::TestProductCreateView::test_create_product_invalid_program
FAILED test/test_products.py::TestProductCreateView::test_create_product_language_not_found
FAILED test/test_orders.py::TestOrderViewSet::test_create_order_for_admin_success
FAILED test/test_products.py::TestProductCreateView::test_create_product_success
FAILED test/test_get_secrets.py::test_get_aws_secret_key - AttributeError: ty...
FAILED test/test_get_secrets.py::test_get_value_raises_error_for_empty_secret
========== 10 failed, 145 passed, 137 warnings in 531.05s (0:08:51) ===========
